<?xml version="1.0" encoding="UTF-8"?>
<!-- Generated by org.testng.reporters.JUnitReportReporter -->
<testsuite skipped="0" hostname="DESKTOP-M63E6U6" name="com.Testrunner.Testexecution" tests="1" failures="0" timestamp="29 Apr 2020 14:51:16 GMT" time="17.750" errors="0">
  <testcase name="executionwindow" time="17.750" classname="com.Testrunner.Testexecution"/>
</testsuite> <!-- com.Testrunner.Testexecution -->
